4kwallpapers.com/images/wallpapers/macro-surface-3d-background-sci-fi-purple-background-3840x2160-7863.png
r4.wallpaperflare.com/wallpaper/375/24/910/nature-leaves-water-macro-wallpaper-8806ad28c0701c98806c81fee842b49a.jpg
r4.wallpaperflare.com/wallpaper/636/693/299/spring-grass-nature-leaves-wallpaper-a60a1d89814cd7fbfb1ab0a427d823e2.jpg
r4.wallpaperflare.com/wallpaper/231/724/920/time-lapse-shot-of-river-wallpaper-0a9ebd0d9a4732b18e0fa346a20761b9.jpg
c1.wallpaperflare.com/path/921/100/4/wood-the-leaves-twig-leaf-1cdc8a7a0b8647cfd7da8ac3a03243d6.jpg
r4.wallpaperflare.com/wallpaper/0/795/599/abstraction-background-rainbow-abstract-wallpaper-8f41f11b0f66e20346aecf3dd567805c.jpg
r4.wallpaperflare.com/wallpaper/880/436/54/retro-pattern-vector-dark-wallpaper-a0e6e3b25d9db73f16e744b179163ba5.jpg
r4.wallpaperflare.com/wallpaper/543/629/127/space-universe-blue-nebula-wallpaper-a3fbf3dddd89bbb5af36c2f7b8dbd848.jpg
r4.wallpaperflare.com/wallpaper/993/525/119/digital-digital-art-artwork-fantasy-art-landscape-hd-wallpaper-3000e5298f567e7398df47a64be67418.jpg
r4.wallpaperflare.com/wallpaper/317/157/280/abstract-3d-digital-art-geometry-wallpaper-507015091fa6de63d8bff7e60b5694d8.jpg
r4.wallpaperflare.com/wallpaper/267/451/736/5bd32e1029d00-wallpaper-082e6fe19cfa39b41a4244270449be14.jpg
r4.wallpaperflare.com/wallpaper/653/906/427/butterfly-blurry-blurred-blur-wallpaper-9856fd7870405c48804cc1ee1812543a.jpg
r4.wallpaperflare.com/wallpaper/963/782/464/3d-blocks-blue-pink-wallpaper-28c65d7820004c68e02c51fe88d294aa.jpg
r4.wallpaperflare.com/wallpaper/329/124/989/landscape-photography-of-white-flower-field-beside-the-mountains-wallpaper-1787b2949f0682b165c830a9156a9cbb.jpg
r4.wallpaperflare.com/wallpaper/203/465/119/digital-art-abstract-3d-abstract-blurred-wallpaper-c816ade8d0a09c48709c31aea8b204ea.jpg
r4.wallpaperflare.com/wallpaper/249/998/393/minimalism-light-bulb-dark-simple-wallpaper-f8569d98f0809cd8000ca1eeb812f4fa.jpg
r4.wallpaperflare.com/wallpaper/528/430/393/city-cityscape-trees-lights-wallpaper-c0ab7a25c8703594422e7e8f7d56f686.jpg
r4.wallpaperflare.com/wallpaper/464/1013/156/digital-art-futuristic-astronaut-skeleton-wallpaper-58962db8e0108c08b08c91dee8c2141a.jpg
r4.wallpaperflare.com/wallpaper/558/352/51/road-neon-machine-graphics-wallpaper-28763d186090dc6830fcc1aec83254ba.jpg
r4.wallpaperflare.com/wallpaper/469/807/707/aeforia-abstract-lines-pixel-sorting-wallpaper-1bf9bedd012c6a0d08d4286341d9ff22.jpg
r4.wallpaperflare.com/wallpaper/155/294/538/blue-light-electric-blue-connection-wallpaper-b826fd08a0b06c98a05ce15e4832240a.jpg
r4.wallpaperflare.com/wallpaper/932/1014/532/abstract-lava-black-texture-wallpaper-88f66d08f0f0dc18a01c31be28e204ea.jpg
r4.wallpaperflare.com/wallpaper/464/678/554/abstract-watercolor-flower-design-wallpaper-a826ed782030acf890ecb17e88a2b44a.jpg
r4.wallpaperflare.com/wallpaper/454/708/929/butterfly-drawing-flying-colorful-wallpaper-a907e9c571c343f7bbcc58895b2c1852.jpg
c1.wallpaperflare.com/path/855/602/547/texture-wood-grain-weathered-washed-off-d6a723fa24b6e5448d19b305cc0caaf8.jpg
r4.wallpaperflare.com/wallpaper/987/291/632/3d-tunnel-abstract-wallpaper-635b032d0d29db654f061267e85b3808.jpg
c1.wallpaperflare.com/path/137/373/205/granite-wall-grey-solid-bead1372a15a0d477f40da80ba382af2.jpg
c1.wallpaperflare.com/path/518/395/691/dark-ocean-sea-water-ba5f4bde8a188c84f1447e5dedfc51a1.jpg
r4.wallpaperflare.com/wallpaper/580/900/864/geometry-cyberspace-digital-art-blue-wallpaper-a960de2a3cb2969a90cf35a579170a5b.jpg
r4.wallpaperflare.com/wallpaper/625/965/182/geometry-cyberspace-digital-art-lines-wallpaper-f9501e0a7c12563a10ff85b5e9c7bacb.jpg
r4.wallpaperflare.com/wallpaper/173/912/920/purple-zinnia-flower-in-selective-color-photography-wallpaper-41f185af4c42a3862ff65fc33ab5ede8.jpg
r4.wallpaperflare.com/wallpaper/317/157/280/abstract-3d-digital-art-geometry-wallpaper-507015091fa6de63d8bff7e60b5694d8.jpg
c0.wallpaperflare.com/path/547/879/822/water-sea-open-sea-water-texture-a6c34d8b7775fb8ba637de308b2bb54d.jpg
r4.wallpaperflare.com/wallpaper/317/157/280/abstract-3d-digital-art-geometry-wallpaper-507015091fa6de63d8bff7e60b5694d8.jpg
r4.wallpaperflare.com/wallpaper/530/983/781/nature-leaves-closeup-macro-wallpaper-6816bdc84050dc58202c71eea872248a.jpg
r4.wallpaperflare.com/wallpaper/895/488/925/neon-sunset-retro-style-wallpaper-c8d63d4860c08c38c04ca13e3892848a.jpg
r4.wallpaperflare.com/wallpaper/214/533/73/aeforia-abstract-lines-pixel-sorting-wallpaper-84b1e1bc42e97c9b9e500f97eb064cf0.jpg
r4.wallpaperflare.com/wallpaper/560/735/774/nature-water-beach-cyan-wallpaper-a98954c7d2627d98dfa2a1a3e0e6a0db.jpg
r4.wallpaperflare.com/wallpaper/888/138/364/moon-game-forest-sky-wallpaper-98c60d0860e07ca830ac615e6862742a.jpg
r4.wallpaperflare.com/wallpaper/21/815/720/music-the-city-style-landscape-80s-hd-wallpaper-2846bd486030fc08d0fc51ee0872c44a.jpg
r4.wallpaperflare.com/wallpaper/792/37/179/abstract-clover-dew-good-luck-wallpaper-500b4a1558d01564a28e5eef2da626d6.jpg
r4.wallpaperflare.com/wallpaper/730/826/414/leaves-water-drops-macro-plants-wallpaper-c0600529df264ef3184fd7d67b063428.jpg
r4.wallpaperflare.com/wallpaper/494/148/30/3d-abstract-3d-abstract-colorful-neon-hd-wallpaper-607099f520b49df7f9e6605a81feae16.jpg
r4.wallpaperflare.com/wallpaper/129/300/958/pink-tulip-flowers-with-green-leaf-plants-wallpaper-ac10f01d39eb6ebf5e7f26246e3f1d41.jpg
r4.wallpaperflare.com/wallpaper/691/309/188/blurred-blurry-abstract-art-horizon-wallpaper-87afc2540f352f6acf02340131518795.jpg
r4.wallpaperflare.com/wallpaper/850/356/896/surface-wall-texture-texture-wallpaper-0b0680b5361cb7036467a5a97cac7e2f.jpg
r4.wallpaperflare.com/wallpaper/393/976/854/macro-nature-dandelion-blur-wallpaper-82dddd863c345ca123ec10d2cc44a3c5.jpg
r4.wallpaperflare.com/wallpaper/203/551/674/purple-graphics-colors-glow-wallpaper-e8564d68d0302c28b04c61ae4862847a.jpg
r4.wallpaperflare.com/wallpaper/308/394/565/eclipse-artwork-abstract-space-wallpaper-e8863dc8f0f0bc58d0cc015ec8f2648a.jpg
r4.wallpaperflare.com/wallpaper/729/385/280/graphic-design-digital-light-wallpaper-98362dd860205cc8f0ccf1beb8b264fa.jpg
c1.wallpaperflare.com/path/683/318/324/wolf-wolves-snow-wolf-landscape-985ca149f06cd03b9f0ed8dfe326afdb.jpg
r4.wallpaperflare.com/wallpaper/510/682/484/hexagon-abstract-hd-4k-wallpaper-08167da83090ccf870dc81de18e2e45a.jpg
r4.wallpaperflare.com/wallpaper/961/387/704/digital-art-fantasy-art-space-universe-wallpaper-b8f68d68d0c08c98f0cc81aed892746a.jpg
r4.wallpaperflare.com/wallpaper/637/12/18/brown-mountain-beside-body-of-water-wallpaper-d90adb740c45a66b505d6838ca7cad3c.jpg
r4.wallpaperflare.com/wallpaper/384/579/701/flowers-bouquet-tulips-pink-wallpaper-8c8284d9e451ab634b38954e37f7fbab.jpg
r4.wallpaperflare.com/wallpaper/744/991/626/bokeh-vector-colorful-abstract-wallpaper-f8f65d68e0006cd8806c217e9842a40a.jpg
c1.wallpaperflare.com/path/385/818/410/fabric-wool-yarn-kazakh-ee0da5ea6c0cc9e8649317e68f3444c0.jpg
c1.wallpaperflare.com/path/10/558/565/autumn-brown-detail-drop-19935a61e1ec7b79a3b8d97b0f36391e.jpg
r4.wallpaperflare.com/wallpaper/343/699/793/life-ice-cold-crystal-wallpaper-68b60d3810f0ac8880ec213ee83254ca.jpg
r4.wallpaperflare.com/wallpaper/645/962/460/feathers-black-dark-wallpaper-a5012197f4fc6655741be9a03b9f7f83.jpg
r4.wallpaperflare.com/wallpaper/458/201/86/map-continents-grunge-wallpaper-20ab47bb2aa6b058b232a605791d0901.jpg
r4.wallpaperflare.com/wallpaper/1001/49/140/abstract-wave-lines-swing-wallpaper-c8567d2840801c78900c81aec82214ca.jpg
c1.wallpaperflare.com/path/705/656/874/leaf-backlit-backlit-leaf-leaf-vein-968e771be985835a7c30ff632f131108.jpg
c1.wallpaperflare.com/path/120/176/1002/grunge-texture-crumpled-wall-0c09987e1c150d7175bdc55aab07a0dc.jpg
c1.wallpaperflare.com/path/672/936/866/texture-background-grunge-gritty-ce3eb3ce5738cc8692c65bfef0737e67.jpg
r4.wallpaperflare.com/wallpaper/618/291/828/line-abstraction-background-texture-layers-hd-wallpaper-8cedf484fd60f3cdcfb08e8bbd765f26.jpg
c0.wallpaperflare.com/path/1004/385/116/abstract-art-artistic-autumn-a21283f9e28fbe7bfb249eb1c952ec88.jpg
r4.wallpaperflare.com/wallpaper/826/1011/667/abstract-art-light-sky-digital-art-wallpaper-38267df8e000bc78e0fc519e3852f4ba.jpg
c1.wallpaperflare.com/path/998/793/212/the-leaves-plants-hwalyeob-nature-aa6ca60159098b133f432086084c394c.jpg
r4.wallpaperflare.com/wallpaper/926/478/524/macroshot-photo-of-flowers-wallpaper-9727b284df16025165d8c0c9757a4c5b.jpg
c0.wallpaperflare.com/path/191/40/990/blowballs-close-up-dandelion-dandelion-seeds-69ddb184b5ed79c589fb43ef99f0955c.jpg
r4.wallpaperflare.com/wallpaper/197/928/860/bald-eagle-wallpaper-b52101d7541c7645c4cb19b05b7fffb3.jpg
r4.wallpaperflare.com/wallpaper/955/964/922/artwork-futuristic-city-science-fiction-digital-art-wallpaper-c8062db880608c78106ca13e6852b43a.jpg
r4.wallpaperflare.com/wallpaper/374/480/1006/the-sky-the-sun-landscape-hdr-wallpaper-29f09e7afc72e62a801f1585b9e7ca8b.jpg
c1.wallpaperflare.com/path/424/656/926/plaster-white-grey-dirty-bc5bf64ab5a3ab23f44a539d5859c9c0.jpg
r4.wallpaperflare.com/wallpaper/489/837/301/macro-table-books-blur-wallpaper-fcbbd7ef9df7e2174ae9a1049b1ba4eb.jpg
r4.wallpaperflare.com/wallpaper/927/405/268/leaves-dark-plant-green-wallpaper-43c1e417dd22a7362ed9a368db39303a.jpg
c0.wallpaperflare.com/path/484/777/76/blurred-background-botany-close-up-colors-87c722c45f4642d1c5a85019a58abc6b.jpg
r4.wallpaperflare.com/wallpaper/538/731/666/hourglass-stones-blur-wallpaper-672792e48fb6228135c8a0e9553a6ccb.jpg
c0.wallpaperflare.com/path/678/265/180/blur-celebration-christmas-christmas-background-1edeb31e07f8ec9692460baec0b34e17.jpg
r4.wallpaperflare.com/wallpaper/475/139/579/glare-drops-blur-light-wallpaper-277752845f36f25175f83099c5aa8c2b.jpg
c1.wallpaperflare.com/path/947/639/826/building-light-blur-city-232654ace7e7e710ecab0a7c79176d20.jpg
c1.wallpaperflare.com/path/152/111/636/background-blur-bokeh-out-of-focus-e7f79264bf46a24185f8e019454a0cbb.jpg
c0.wallpaperflare.com/path/786/184/950/art-beach-blur-bright-8a4ffbeeca787c1441641e1d9d6cb1b1.jpg
r4.wallpaperflare.com/wallpaper/229/330/371/cityscape-new-york-city-long-exposure-usa-wallpaper-0826ad7880905cb8603cb16ed872b46a.jpg
r4.wallpaperflare.com/wallpaper/136/517/246/nature-macro-blurred-wheat-wallpaper-0826dd08a030ac0890ec411e28f2d46a.jpg
r4.wallpaperflare.com/wallpaper/209/753/302/6k-city-4k-blur-wallpaper-f7b7e2c43f66028145b8f089552aaccb.jpg
c1.wallpaperflare.com/path/409/196/833/burning-campfire-coals-fire-aff7e12780c138483c2baca41f53524d.jpg
c0.wallpaperflare.com/path/155/204/972/background-image-beautiful-blur-bright-2307c2f2bec1d8ded2c74d10bca76f42.jpg
c0.wallpaperflare.com/path/367/105/206/art-background-blur-branch-a77722040fd6a24165189049655aac2b.jpg
r4.wallpaperflare.com/wallpaper/1002/292/926/rose-blurred-yellow-flowers-wallpaper-5c79d63ab0ae9e2aa96d9d6b2dd44679.jpg
r4.wallpaperflare.com/wallpaper/529/600/839/light-bulbs-garland-lighting-blur-wallpaper-67e7c2f46ff6524195e880d9e59afc4b.jpg
c1.wallpaperflare.com/path/782/470/477/texture-wall-fund-yellow-6b47c45969c7967715efd9930576ae03.jpg
r4.wallpaperflare.com/wallpaper/45/61/99/blue-nature-close-up-flora-wallpaper-e8f6fdd830a02c3880cc31be1832048a.jpg
c1.wallpaperflare.com/path/177/406/332/amethyst-violet-crystal-cave-druze-551fdbebc2bf39a4f065736c6d59185d.jpg
r4.wallpaperflare.com/wallpaper/674/580/898/closeup-photography-of-white-and-brown-eagle-wallpaper-7aa0c365b07653f241bc428a6767307d.jpg
r4.wallpaperflare.com/wallpaper/674/382/395/sepia-photography-of-trees-between-snow-covered-ground-wallpaper-d5c6e5b05aa45aa1cb895732b03d2b24.jpg
r4.wallpaperflare.com/wallpaper/251/658/497/macro-water-drops-glass-window-wallpaper-e8164d28f0b0ec58607ce1fe187204ca.jpg
r4.wallpaperflare.com/wallpaper/143/33/318/macro-feathers-blue-wallpaper-daa46ec45eada1cd571b79f6bb1da5be.jpg
r4.wallpaperflare.com/wallpaper/397/744/866/macro-nature-flowers-pink-wallpaper-7fe1a71cfd6007d90729d84ab8ec0caf.jpg
r4.wallpaperflare.com/wallpaper/907/879/795/metal-texture-metal-texture-wallpaper-791241fefae9d85396b836a313933d3c.jpg
r4.wallpaperflare.com/wallpaper/610/231/689/flowers-pink-flowers-bokeh-macro-wallpaper-a816fdf84090acf810bc010ea892d40a.jpg
c1.wallpaperflare.com/path/420/211/744/pink-flower-nature-floral-678472f6df390ad1045847aa3984f088.jpg
r4.wallpaperflare.com/wallpaper/275/352/835/purple-grass-grass-macro-close-up-wallpaper-f8369d18c0103c08400cf13e9842342a.jpg
r4.wallpaperflare.com/wallpaper/859/637/144/digital-art-artwork-video-games-assassin-s-creed-wallpaper-a38b83ed0dc9cbc51f56922708fb18b8.jpg
c1.wallpaperflare.com/path/542/863/702/indoor-construction-interior-brick-00fbcf0623384ad625e0a0cecf8479b8.jpg
r4.wallpaperflare.com/wallpaper/193/72/853/leopard-4k-high-resolution-for-desktop-download-wallpaper-b8365d489090ec8840ec61ae6842441a.jpg
c1.wallpaperflare.com/path/967/303/707/vintage-boards-wood-the-background-texture-b69b898547e6cfe8287c3360bd5856f8.jpg